2023/04/09 15:24:07 [notice] 1#1: using the "epoll" event method
2023/04/09 15:24:07 [notice] 1#1: nginx/1.23.4
2023/04/09 15:24:07 [notice] 1#1: built by gcc 10.2.1 20210110 (Debian 10.2.1-6) 
2023/04/09 15:24:07 [notice] 1#1: OS: Linux 5.15.49-linuxkit
2023/04/09 15:24:07 [notice] 1#1: getrlimit(RLIMIT_NOFILE): 1048576:1048576
2023/04/09 15:24:07 [notice] 1#1: start worker processes
2023/04/09 15:24:07 [notice] 1#1: start worker process 19
2023/04/09 15:24:07 [notice] 1#1: start worker process 20
2023/04/09 15:24:07 [notice] 1#1: start worker process 21
2023/04/09 15:24:07 [notice] 1#1: start worker process 22
2023/04/09 15:30:09 [notice] 1#1: signal 3 (SIGQUIT) received, shutting down
2023/04/09 15:30:09 [notice] 19#19: gracefully shutting down
2023/04/09 15:30:09 [notice] 19#19: exiting
2023/04/09 15:30:09 [notice] 22#22: gracefully shutting down
2023/04/09 15:30:09 [notice] 20#20: gracefully shutting down
2023/04/09 15:30:09 [notice] 21#21: gracefully shutting down
2023/04/09 15:30:09 [notice] 19#19: exit
2023/04/09 15:30:09 [notice] 22#22: exiting
2023/04/09 15:30:09 [notice] 22#22: exit
2023/04/09 15:30:09 [notice] 20#20: exiting
2023/04/09 15:30:09 [notice] 20#20: exit
2023/04/09 15:30:09 [notice] 21#21: exiting
2023/04/09 15:30:09 [notice] 21#21: exit
2023/04/09 15:30:09 [notice] 1#1: signal 17 (SIGCHLD) received from 21
2023/04/09 15:30:09 [notice] 1#1: worker process 19 exited with code 0
2023/04/09 15:30:09 [notice] 1#1: worker process 20 exited with code 0
2023/04/09 15:30:09 [notice] 1#1: worker process 21 exited with code 0
2023/04/09 15:30:09 [notice] 1#1: worker process 22 exited with code 0
2023/04/09 15:30:09 [notice] 1#1: exit
2023/04/09 15:54:38 [notice] 1#1: using the "epoll" event method
2023/04/09 15:54:38 [notice] 1#1: nginx/1.23.4
2023/04/09 15:54:38 [notice] 1#1: built by gcc 10.2.1 20210110 (Debian 10.2.1-6) 
2023/04/09 15:54:38 [notice] 1#1: OS: Linux 5.15.49-linuxkit
2023/04/09 15:54:38 [notice] 1#1: getrlimit(RLIMIT_NOFILE): 1048576:1048576
2023/04/09 15:54:38 [notice] 1#1: start worker processes
2023/04/09 15:54:38 [notice] 1#1: start worker process 21
2023/04/09 15:54:38 [notice] 1#1: start worker process 22
2023/04/09 15:54:38 [notice] 1#1: start worker process 23
2023/04/09 15:54:38 [notice] 1#1: start worker process 24
2023/04/09 15:57:50 [notice] 1#1: signal 3 (SIGQUIT) received, shutting down
2023/04/09 15:57:50 [notice] 23#23: gracefully shutting down
2023/04/09 15:57:50 [notice] 23#23: exiting
2023/04/09 15:57:50 [notice] 22#22: gracefully shutting down
2023/04/09 15:57:50 [notice] 21#21: gracefully shutting down
2023/04/09 15:57:50 [notice] 21#21: exiting
2023/04/09 15:57:50 [notice] 21#21: exit
2023/04/09 15:57:50 [notice] 24#24: gracefully shutting down
2023/04/09 15:57:50 [notice] 24#24: exiting
2023/04/09 15:57:50 [notice] 23#23: exit
2023/04/09 15:57:50 [notice] 22#22: exiting
2023/04/09 15:57:50 [notice] 22#22: exit
2023/04/09 15:57:50 [notice] 24#24: exit
2023/04/09 15:57:50 [notice] 1#1: signal 17 (SIGCHLD) received from 21
2023/04/09 15:57:50 [notice] 1#1: worker process 21 exited with code 0
2023/04/09 15:57:50 [notice] 1#1: signal 29 (SIGIO) received
2023/04/09 15:57:50 [notice] 1#1: signal 17 (SIGCHLD) received from 24
2023/04/09 15:57:50 [notice] 1#1: worker process 22 exited with code 0
2023/04/09 15:57:50 [notice] 1#1: worker process 23 exited with code 0
2023/04/09 15:57:50 [notice] 1#1: worker process 24 exited with code 0
2023/04/09 15:57:50 [notice] 1#1: exit
2023/04/09 16:01:11 [notice] 1#1: using the "epoll" event method
2023/04/09 16:01:11 [notice] 1#1: nginx/1.23.4
2023/04/09 16:01:11 [notice] 1#1: built by gcc 10.2.1 20210110 (Debian 10.2.1-6) 
2023/04/09 16:01:11 [notice] 1#1: OS: Linux 5.15.49-linuxkit
2023/04/09 16:01:11 [notice] 1#1: getrlimit(RLIMIT_NOFILE): 1048576:1048576
2023/04/09 16:01:11 [notice] 1#1: start worker processes
2023/04/09 16:01:11 [notice] 1#1: start worker process 20
2023/04/09 16:01:11 [notice] 1#1: start worker process 21
2023/04/09 16:01:11 [notice] 1#1: start worker process 22
2023/04/09 16:01:11 [notice] 1#1: start worker process 23
2023/04/09 16:07:16 [notice] 1#1: signal 3 (SIGQUIT) received, shutting down
2023/04/09 16:07:16 [notice] 22#22: gracefully shutting down
2023/04/09 16:07:16 [notice] 21#21: gracefully shutting down
2023/04/09 16:07:16 [notice] 23#23: gracefully shutting down
2023/04/09 16:07:16 [notice] 20#20: gracefully shutting down
2023/04/09 16:07:16 [notice] 22#22: exiting
2023/04/09 16:07:16 [notice] 21#21: exiting
2023/04/09 16:07:16 [notice] 22#22: exit
2023/04/09 16:07:16 [notice] 20#20: exiting
2023/04/09 16:07:16 [notice] 21#21: exit
2023/04/09 16:07:16 [notice] 20#20: exit
2023/04/09 16:07:16 [notice] 1#1: signal 17 (SIGCHLD) received from 21
2023/04/09 16:07:16 [notice] 1#1: worker process 21 exited with code 0
2023/04/09 16:07:16 [notice] 1#1: signal 29 (SIGIO) received
2023/04/09 16:07:16 [notice] 1#1: signal 17 (SIGCHLD) received from 22
2023/04/09 16:07:16 [notice] 1#1: worker process 22 exited with code 0
2023/04/09 16:07:16 [notice] 1#1: signal 29 (SIGIO) received
2023/04/09 16:07:16 [notice] 1#1: signal 17 (SIGCHLD) received from 20
2023/04/09 16:07:16 [notice] 1#1: worker process 20 exited with code 0
2023/04/09 16:07:16 [notice] 1#1: signal 29 (SIGIO) received
2023/04/09 16:26:30 [notice] 1#1: using the "epoll" event method
2023/04/09 16:26:30 [notice] 1#1: nginx/1.23.4
2023/04/09 16:26:30 [notice] 1#1: built by gcc 10.2.1 20210110 (Debian 10.2.1-6) 
2023/04/09 16:26:30 [notice] 1#1: OS: Linux 5.15.49-linuxkit
2023/04/09 16:26:30 [notice] 1#1: getrlimit(RLIMIT_NOFILE): 1048576:1048576
2023/04/09 16:26:30 [notice] 1#1: start worker processes
2023/04/09 16:26:30 [notice] 1#1: start worker process 19
2023/04/09 16:26:30 [notice] 1#1: start worker process 20
2023/04/09 16:26:30 [notice] 1#1: start worker process 21
2023/04/09 16:26:30 [notice] 1#1: start worker process 22
2023/04/09 16:27:23 [notice] 1#1: signal 3 (SIGQUIT) received, shutting down
2023/04/09 16:27:23 [notice] 21#21: gracefully shutting down
2023/04/09 16:27:23 [notice] 22#22: gracefully shutting down
2023/04/09 16:27:23 [notice] 20#20: gracefully shutting down
2023/04/09 16:27:23 [notice] 20#20: exiting
2023/04/09 16:27:23 [notice] 19#19: gracefully shutting down
2023/04/09 16:27:23 [notice] 21#21: exiting
2023/04/09 16:27:23 [notice] 21#21: exit
2023/04/09 16:27:23 [notice] 22#22: exiting
2023/04/09 16:27:23 [notice] 20#20: exit
2023/04/09 16:27:23 [notice] 19#19: exiting
2023/04/09 16:27:23 [notice] 22#22: exit
2023/04/09 16:27:23 [notice] 19#19: exit
2023/04/09 16:27:23 [notice] 1#1: signal 17 (SIGCHLD) received from 19
2023/04/09 16:27:23 [notice] 1#1: worker process 19 exited with code 0
2023/04/09 16:27:23 [notice] 1#1: worker process 20 exited with code 0
2023/04/09 16:27:23 [notice] 1#1: worker process 22 exited with code 0
2023/04/09 16:27:23 [notice] 1#1: signal 29 (SIGIO) received
2023/04/09 16:27:23 [notice] 1#1: signal 17 (SIGCHLD) received from 20
2023/04/09 16:27:23 [notice] 1#1: signal 17 (SIGCHLD) received from 21
2023/04/09 16:27:23 [notice] 1#1: worker process 21 exited with code 0
2023/04/09 16:27:23 [notice] 1#1: exit
2023/04/09 17:00:36 [notice] 1#1: using the "epoll" event method
2023/04/09 17:00:36 [notice] 1#1: nginx/1.23.4
2023/04/09 17:00:36 [notice] 1#1: built by gcc 10.2.1 20210110 (Debian 10.2.1-6) 
2023/04/09 17:00:36 [notice] 1#1: OS: Linux 5.15.49-linuxkit
2023/04/09 17:00:36 [notice] 1#1: getrlimit(RLIMIT_NOFILE): 1048576:1048576
2023/04/09 17:00:36 [notice] 1#1: start worker processes
2023/04/09 17:00:36 [notice] 1#1: start worker process 19
2023/04/09 17:00:36 [notice] 1#1: start worker process 20
2023/04/09 17:00:36 [notice] 1#1: start worker process 21
2023/04/09 17:00:36 [notice] 1#1: start worker process 22
2023/04/09 17:01:56 [notice] 1#1: signal 3 (SIGQUIT) received, shutting down
2023/04/09 17:01:56 [notice] 20#20: gracefully shutting down
2023/04/09 17:01:56 [notice] 22#22: gracefully shutting down
2023/04/09 17:01:56 [notice] 22#22: exiting
2023/04/09 17:01:56 [notice] 21#21: gracefully shutting down
2023/04/09 17:01:56 [notice] 21#21: exiting
2023/04/09 17:01:56 [notice] 19#19: gracefully shutting down
2023/04/09 17:01:56 [notice] 19#19: exiting
2023/04/09 17:01:56 [notice] 20#20: exiting
2023/04/09 17:01:56 [notice] 22#22: exit
2023/04/09 17:01:56 [notice] 21#21: exit
2023/04/09 17:01:56 [notice] 19#19: exit
2023/04/09 17:01:56 [notice] 20#20: exit
2023/04/09 17:01:56 [notice] 1#1: signal 17 (SIGCHLD) received from 21
2023/04/09 17:01:56 [notice] 1#1: worker process 21 exited with code 0
2023/04/09 17:01:56 [notice] 1#1: signal 29 (SIGIO) received
2023/04/09 17:01:56 [notice] 1#1: signal 17 (SIGCHLD) received from 22
2023/04/09 17:01:56 [notice] 1#1: worker process 22 exited with code 0
2023/04/09 17:01:56 [notice] 1#1: worker process 20 exited with code 0
2023/04/09 17:01:56 [notice] 1#1: signal 29 (SIGIO) received
2023/04/09 17:01:56 [notice] 1#1: signal 17 (SIGCHLD) received from 20
2023/04/09 17:01:56 [notice] 1#1: signal 17 (SIGCHLD) received from 19
2023/04/09 17:01:56 [notice] 1#1: worker process 19 exited with code 0
2023/04/09 17:01:56 [notice] 1#1: exit
2023/04/09 17:02:13 [notice] 1#1: using the "epoll" event method
2023/04/09 17:02:13 [notice] 1#1: nginx/1.23.4
2023/04/09 17:02:13 [notice] 1#1: built by gcc 10.2.1 20210110 (Debian 10.2.1-6) 
2023/04/09 17:02:13 [notice] 1#1: OS: Linux 5.15.49-linuxkit
2023/04/09 17:02:13 [notice] 1#1: getrlimit(RLIMIT_NOFILE): 1048576:1048576
2023/04/09 17:02:13 [notice] 1#1: start worker processes
2023/04/09 17:02:13 [notice] 1#1: start worker process 19
2023/04/09 17:02:13 [notice] 1#1: start worker process 20
2023/04/09 17:02:13 [notice] 1#1: start worker process 21
2023/04/09 17:02:13 [notice] 1#1: start worker process 22
2023/04/09 17:27:51 [notice] 1#1: signal 3 (SIGQUIT) received, shutting down
2023/04/09 17:27:51 [notice] 21#21: gracefully shutting down
2023/04/09 17:27:51 [notice] 19#19: gracefully shutting down
2023/04/09 17:27:51 [notice] 22#22: gracefully shutting down
2023/04/09 17:27:51 [notice] 21#21: exiting
2023/04/09 17:27:51 [notice] 22#22: exiting
2023/04/09 17:27:51 [notice] 20#20: gracefully shutting down
2023/04/09 17:27:51 [notice] 19#19: exiting
2023/04/09 17:27:51 [notice] 21#21: exit
2023/04/09 17:27:51 [notice] 22#22: exit
2023/04/09 17:27:51 [notice] 20#20: exiting
2023/04/09 17:27:51 [notice] 19#19: exit
2023/04/09 17:27:51 [notice] 20#20: exit
2023/04/09 17:27:51 [notice] 1#1: signal 17 (SIGCHLD) received from 19
2023/04/09 17:27:51 [notice] 1#1: worker process 19 exited with code 0
2023/04/09 17:27:51 [notice] 1#1: worker process 20 exited with code 0
2023/04/09 17:27:51 [notice] 1#1: signal 29 (SIGIO) received
2023/04/09 17:27:51 [notice] 1#1: signal 17 (SIGCHLD) received from 20
2023/04/09 17:27:51 [notice] 1#1: signal 17 (SIGCHLD) received from 22
2023/04/09 17:27:51 [notice] 1#1: worker process 22 exited with code 0
2023/04/09 17:27:51 [notice] 1#1: signal 29 (SIGIO) received
2023/04/09 17:27:51 [notice] 1#1: signal 17 (SIGCHLD) received from 21
2023/04/09 17:27:51 [notice] 1#1: worker process 21 exited with code 0
2023/04/09 17:27:51 [notice] 1#1: exit
2023/04/09 18:11:14 [notice] 1#1: using the "epoll" event method
2023/04/09 18:11:14 [notice] 1#1: nginx/1.23.4
2023/04/09 18:11:14 [notice] 1#1: built by gcc 10.2.1 20210110 (Debian 10.2.1-6) 
2023/04/09 18:11:14 [notice] 1#1: OS: Linux 5.15.49-linuxkit
2023/04/09 18:11:14 [notice] 1#1: getrlimit(RLIMIT_NOFILE): 1048576:1048576
2023/04/09 18:11:14 [notice] 1#1: start worker processes
2023/04/09 18:11:14 [notice] 1#1: start worker process 20
2023/04/09 18:11:14 [notice] 1#1: start worker process 21
2023/04/09 18:11:14 [notice] 1#1: start worker process 22
2023/04/09 18:11:14 [notice] 1#1: start worker process 23
2023/04/09 18:18:06 [notice] 1#1: signal 3 (SIGQUIT) received, shutting down
2023/04/09 18:18:06 [notice] 20#20: gracefully shutting down
2023/04/09 18:18:06 [notice] 22#22: gracefully shutting down
2023/04/09 18:18:06 [notice] 22#22: exiting
2023/04/09 18:18:06 [notice] 23#23: gracefully shutting down
2023/04/09 18:18:06 [notice] 21#21: gracefully shutting down
2023/04/09 18:18:06 [notice] 20#20: exiting
2023/04/09 18:18:06 [notice] 22#22: exit
2023/04/09 18:18:06 [notice] 23#23: exiting
2023/04/09 18:18:06 [notice] 21#21: exiting
2023/04/09 18:18:06 [notice] 20#20: exit
2023/04/09 18:18:06 [notice] 23#23: exit
2023/04/09 18:18:06 [notice] 21#21: exit
2023/04/09 18:18:06 [notice] 1#1: signal 17 (SIGCHLD) received from 22
2023/04/09 18:18:06 [notice] 1#1: worker process 20 exited with code 0
2023/04/09 18:18:06 [notice] 1#1: worker process 21 exited with code 0
2023/04/09 18:18:06 [notice] 1#1: worker process 22 exited with code 0
2023/04/09 18:18:06 [notice] 1#1: worker process 23 exited with code 0
2023/04/09 18:18:06 [notice] 1#1: exit
2023/04/09 18:18:32 [notice] 1#1: using the "epoll" event method
2023/04/09 18:18:32 [notice] 1#1: nginx/1.23.4
2023/04/09 18:18:32 [notice] 1#1: built by gcc 10.2.1 20210110 (Debian 10.2.1-6) 
2023/04/09 18:18:32 [notice] 1#1: OS: Linux 5.15.49-linuxkit
2023/04/09 18:18:32 [notice] 1#1: getrlimit(RLIMIT_NOFILE): 1048576:1048576
2023/04/09 18:18:32 [notice] 1#1: start worker processes
2023/04/09 18:18:32 [notice] 1#1: start worker process 21
2023/04/09 18:18:32 [notice] 1#1: start worker process 22
2023/04/09 18:18:32 [notice] 1#1: start worker process 23
2023/04/09 18:18:32 [notice] 1#1: start worker process 24
2023/04/16 16:51:24 [notice] 1#1: using the "epoll" event method
2023/04/16 16:51:24 [notice] 1#1: nginx/1.23.4
2023/04/16 16:51:24 [notice] 1#1: built by gcc 10.2.1 20210110 (Debian 10.2.1-6) 
2023/04/16 16:51:24 [notice] 1#1: OS: Linux 5.15.49-linuxkit
2023/04/16 16:51:24 [notice] 1#1: getrlimit(RLIMIT_NOFILE): 1048576:1048576
2023/04/16 16:51:24 [notice] 1#1: start worker processes
2023/04/16 16:51:24 [notice] 1#1: start worker process 19
2023/04/16 16:51:24 [notice] 1#1: start worker process 20
2023/04/16 16:51:24 [notice] 1#1: start worker process 21
2023/04/16 16:51:24 [notice] 1#1: start worker process 22
2023/04/16 16:53:16 [notice] 1#1: signal 3 (SIGQUIT) received, shutting down
2023/04/16 16:53:16 [notice] 19#19: gracefully shutting down
2023/04/16 16:53:16 [notice] 21#21: gracefully shutting down
2023/04/16 16:53:16 [notice] 20#20: gracefully shutting down
2023/04/16 16:53:16 [notice] 22#22: gracefully shutting down
2023/04/16 16:53:16 [notice] 19#19: exiting
2023/04/16 16:53:16 [notice] 21#21: exiting
2023/04/16 16:53:16 [notice] 21#21: exit
2023/04/16 16:53:16 [notice] 20#20: exiting
2023/04/16 16:53:16 [notice] 22#22: exiting
2023/04/16 16:53:16 [notice] 19#19: exit
2023/04/16 16:53:16 [notice] 22#22: exit
2023/04/16 16:53:16 [notice] 20#20: exit
2023/04/16 16:53:16 [notice] 1#1: signal 17 (SIGCHLD) received from 20
2023/04/16 16:53:16 [notice] 1#1: worker process 20 exited with code 0
2023/04/16 16:53:16 [notice] 1#1: signal 29 (SIGIO) received
2023/04/16 16:53:16 [notice] 1#1: signal 17 (SIGCHLD) received from 19
2023/04/16 16:53:16 [notice] 1#1: worker process 19 exited with code 0
2023/04/16 16:53:16 [notice] 1#1: worker process 21 exited with code 0
2023/04/16 16:53:16 [notice] 1#1: worker process 22 exited with code 0
2023/04/16 16:53:16 [notice] 1#1: signal 17 (SIGCHLD) received from 21
2023/04/16 16:53:16 [notice] 1#1: exit
2023/04/16 16:54:08 [notice] 1#1: using the "epoll" event method
2023/04/16 16:54:08 [notice] 1#1: nginx/1.23.4
2023/04/16 16:54:08 [notice] 1#1: built by gcc 10.2.1 20210110 (Debian 10.2.1-6) 
2023/04/16 16:54:08 [notice] 1#1: OS: Linux 5.15.49-linuxkit
2023/04/16 16:54:08 [notice] 1#1: getrlimit(RLIMIT_NOFILE): 1048576:1048576
2023/04/16 16:54:08 [notice] 1#1: start worker processes
2023/04/16 16:54:08 [notice] 1#1: start worker process 19
2023/04/16 16:54:08 [notice] 1#1: start worker process 20
2023/04/16 16:54:08 [notice] 1#1: start worker process 21
2023/04/16 16:54:08 [notice] 1#1: start worker process 22
